<?xml version="1.0" encoding="UTF-8"?>
<testsuite xmlns:xsi="http://www.w3.org/2001/XMLSchema-instance" xsi:noNamespaceSchemaLocation="https://maven.apache.org/surefire/maven-surefire-plugin/xsd/surefire-test-report-3.0.xsd" version="3.0" name="org.acme.websockets.ChatTest" time="1.224" tests="1" errors="1" skipped="0" failures="0">
  <properties>
[...]
</properties>
  <testcase name="testWebsocketChat" classname="org.acme.websockets.ChatTest" time="0.048">
    <error type="java.io.InterruptedIOException"><![CDATA[java.io.InterruptedIOException
	at io.undertow.websockets.ServerWebSocketContainer.connectToServerInternal(ServerWebSocketContainer.java:461)
	at io.undertow.websockets.ServerWebSocketContainer.connectToServerInternal(ServerWebSocketContainer.java:411)
	at io.undertow.websockets.ServerWebSocketContainer.connectToServer(ServerWebSocketContainer.java:255)
	at org.acme.websockets.ChatTest.testWebsocketChat(ChatTest.java:29)
	at java.base/java.lang.reflect.Method.invoke(Method.java:580)
	at io.quarkus.test.junit.QuarkusTestExtension.runExtensionMethod(QuarkusTestExtension.java:1017)
	at io.quarkus.test.junit.QuarkusTestExtension.interceptTestMethod(QuarkusTestExtension.java:831)
	at java.base/java.util.ArrayList.forEach(ArrayList.java:1596)
	at java.base/java.util.ArrayList.forEach(ArrayList.java:1596)
	Suppressed: java.util.concurrent.ExecutionException: io.netty.handler.codec.http.websocketx.WebSocketClientHandshakeException: Invalid handshake response getStatus: 404 Not Found
		at java.base/java.util.concurrent.CompletableFuture.reportGet(CompletableFuture.java:396)
		at java.base/java.util.concurrent.CompletableFuture.get(CompletableFuture.java:2096)
		at io.undertow.websockets.ServerWebSocketContainer.connectToServerInternal(ServerWebSocketContainer.java:445)
		... 8 more
	Caused by: io.netty.handler.codec.http.websocketx.WebSocketClientHandshakeException: Invalid handshake response getStatus: 404 Not Found
		at io.netty.handler.codec.http.websocketx.WebSocketClientHandshaker13.verify(WebSocketClientHandshaker13.java:312)
		at io.undertow.websockets.WebsocketConnectionBuilder$1.verify(WebsocketConnectionBuilder.java:180)
		at io.netty.handler.codec.http.websocketx.WebSocketClientHandshaker.finishHandshake(WebSocketClientHandshaker.java:364)
		at io.undertow.websockets.WebsocketConnectionBuilder$WebSocketClientHandler.channelRead0(WebsocketConnectionBuilder.java:248)
		at io.netty.channel.SimpleChannelInboundHandler.channelRead(SimpleChannelInboundHandler.java:99)
		at io.netty.channel.AbstractChannelHandlerContext.invokeChannelRead(AbstractChannelHandlerContext.java:444)
		at io.netty.channel.AbstractChannelHandlerContext.invokeChannelRead(AbstractChannelHandlerContext.java:420)
		at io.netty.channel.AbstractChannelHandlerContext.fireChannelRead(AbstractChannelHandlerContext.java:412)
		at io.netty.handler.codec.MessageToMessageDecoder.channelRead(MessageToMessageDecoder.java:103)
		at io.netty.channel.AbstractChannelHandlerContext.invokeChannelRead(AbstractChannelHandlerContext.java:444)
		at io.netty.channel.AbstractChannelHandlerContext.invokeChannelRead(AbstractChannelHandlerContext.java:420)
		at io.netty.channel.AbstractChannelHandlerContext.fireChannelRead(AbstractChannelHandlerContext.java:412)
		at io.netty.channel.ChannelInboundHandlerAdapter.channelRead(ChannelInboundHandlerAdapter.java:93)
		at io.netty.handler.codec.http.websocketx.extensions.WebSocketClientExtensionHandler.channelRead(WebSocketClientExtensionHandler.java:125)
		at io.netty.channel.AbstractChannelHandlerContext.invokeChannelRead(AbstractChannelHandlerContext.java:442)
		at io.netty.channel.AbstractChannelHandlerContext.invokeChannelRead(AbstractChannelHandlerContext.java:420)
		at io.netty.channel.AbstractChannelHandlerContext.fireChannelRead(AbstractChannelHandlerContext.java:412)
		at io.netty.channel.CombinedChannelDuplexHandler$DelegatingChannelHandlerContext.fireChannelRead(CombinedChannelDuplexHandler.java:436)
		at io.netty.handler.codec.ByteToMessageDecoder.fireChannelRead(ByteToMessageDecoder.java:346)
		at io.netty.handler.codec.ByteToMessageDecoder.channelRead(ByteToMessageDecoder.java:318)
		at io.netty.channel.CombinedChannelDuplexHandler.channelRead(CombinedChannelDuplexHandler.java:251)
		at io.netty.channel.AbstractChannelHandlerContext.invokeChannelRead(AbstractChannelHandlerContext.java:442)
		at io.netty.channel.AbstractChannelHandlerContext.invokeChannelRead(AbstractChannelHandlerContext.java:420)
		at io.netty.channel.AbstractChannelHandlerContext.fireChannelRead(AbstractChannelHandlerContext.java:412)
		at io.netty.channel.DefaultChannelPipeline$HeadContext.channelRead(DefaultChannelPipeline.java:1410)
		at io.netty.channel.AbstractChannelHandlerContext.invokeChannelRead(AbstractChannelHandlerContext.java:440)
		at io.netty.channel.AbstractChannelHandlerContext.invokeChannelRead(AbstractChannelHandlerContext.java:420)
		at io.netty.channel.DefaultChannelPipeline.fireChannelRead(DefaultChannelPipeline.java:919)
		at io.netty.channel.nio.AbstractNioByteChannel$NioByteUnsafe.read(AbstractNioByteChannel.java:166)
		at io.netty.channel.nio.NioEventLoop.processSelectedKey(NioEventLoop.java:788)
		at io.netty.channel.nio.NioEventLoop.processSelectedKeysOptimized(NioEventLoop.java:724)
		at io.netty.channel.nio.NioEventLoop.processSelectedKeys(NioEventLoop.java:650)
		at io.netty.channel.nio.NioEventLoop.run(NioEventLoop.java:562)
		at io.netty.util.concurrent.SingleThreadEventExecutor$4.run(SingleThreadEventExecutor.java:997)
		at io.netty.util.internal.ThreadExecutorMap$2.run(ThreadExecutorMap.java:74)
		at io.netty.util.concurrent.FastThreadLocalRunnable.run(FastThreadLocalRunnable.java:30)
		at java.base/java.lang.Thread.run(Thread.java:1583)
]]></error>
    <system-out><![CDATA[2024-08-12 10:27:11,176 INFO  [io.und.websockets] (main) UT026003: Adding annotated server endpoint class redhat.summit2024.websockets.DisplaySocket for path /chat/display
2024-08-12 10:27:11,179 INFO  [io.und.websockets] (main) UT026004: Adding annotated client endpoint class org.acme.websockets.ChatTest$Client
2024-08-12 10:27:11,322 INFO  [io.quarkus] (main) websockets-quickstart 1.0.0-SNAPSHOT on JVM (powered by Quarkus 3.11.3) started in 0.945s. Listening on: http://localhost:8081
2024-08-12 10:27:11,323 INFO  [io.quarkus] (main) Profile test activated. 
2024-08-12 10:27:11,323 INFO  [io.quarkus] (main) Installed features: [cdi, rest, rest-jackson, smallrye-context-propagation, vertx, websockets, websockets-client]
]]></system-out>
  </testcase>
</testsuite>